<?xml version="1.0" encoding="UTF-8"?>
<testsuite xmlns:xsi="http://www.w3.org/2001/XMLSchema-instance" xsi:noNamespaceSchemaLocation="https://maven.apache.org/surefire/maven-surefire-plugin/xsd/surefire-test-report.xsd" name="com.xingjiahe.www.flink.SpringbootFlinkApplicationTests" time="1.244" tests="1" errors="0" skipped="0" failures="0">
  <properties>
    <property name="gopherProxySet" value="false"/>
    <property name="awt.toolkit" value="sun.lwawt.macosx.LWCToolkit"/>
    <property name="file.encoding.pkg" value="sun.io"/>
    <property name="java.specification.version" value="1.8"/>
    <property name="sun.cpu.isalist" value=""/>
    <property name="sun.jnu.encoding" value="UTF-8"/>
    <property name="java.class.path" value="/Users/hejiaxing10808/springboot-lastestExample/springboot-flink/target/test-classes:/Users/hejiaxing10808/springboot-lastestExample/springboot-flink/target/classes:/Users/hejiaxing10808/Documents/repository/org/springframework/boot/spring-boot-starter/2.3.5.RELEASE/spring-boot-starter-2.3.5.RELEASE.jar:/Users/hejiaxing10808/Documents/repository/org/springframework/boot/spring-boot/2.3.5.RELEASE/spring-boot-2.3.5.RELEASE.jar:/Users/hejiaxing10808/Documents/repository/org/springframework/spring-context/5.2.10.RELEASE/spring-context-5.2.10.RELEASE.jar:/Users/hejiaxing10808/Documents/repository/org/springframework/spring-aop/5.2.10.RELEASE/spring-aop-5.2.10.RELEASE.jar:/Users/hejiaxing10808/Documents/repository/org/springframework/spring-beans/5.2.10.RELEASE/spring-beans-5.2.10.RELEASE.jar:/Users/hejiaxing10808/Documents/repository/org/springframework/spring-expression/5.2.10.RELEASE/spring-expression-5.2.10.RELEASE.jar:/Users/hejiaxing10808/Documents/repository/org/springframework/boot/spring-boot-autoconfigure/2.3.5.RELEASE/spring-boot-autoconfigure-2.3.5.RELEASE.jar:/Users/hejiaxing10808/Documents/repository/org/springframework/boot/spring-boot-starter-logging/2.3.5.RELEASE/spring-boot-starter-logging-2.3.5.RELEASE.jar:/Users/hejiaxing10808/Documents/repository/ch/qos/logback/logback-classic/1.2.3/logback-classic-1.2.3.jar:/Users/hejiaxing10808/Documents/repository/ch/qos/logback/logback-core/1.2.3/logback-core-1.2.3.jar:/Users/hejiaxing10808/Documents/repository/org/apache/logging/log4j/log4j-to-slf4j/2.13.3/log4j-to-slf4j-2.13.3.jar:/Users/hejiaxing10808/Documents/repository/org/apache/logging/log4j/log4j-api/2.13.3/log4j-api-2.13.3.jar:/Users/hejiaxing10808/Documents/repository/org/slf4j/jul-to-slf4j/1.7.30/jul-to-slf4j-1.7.30.jar:/Users/hejiaxing10808/Documents/repository/jakarta/annotation/jakarta.annotation-api/1.3.5/jakarta.annotation-api-1.3.5.jar:/Users/hejiaxing10808/Documents/repository/org/springframework/spring-core/5.2.10.RELEASE/spring-core-5.2.10.RELEASE.jar:/Users/hejiaxing10808/Documents/repository/org/springframework/spring-jcl/5.2.10.RELEASE/spring-jcl-5.2.10.RELEASE.jar:/Users/hejiaxing10808/Documents/repository/org/yaml/snakeyaml/1.26/snakeyaml-1.26.jar:/Users/hejiaxing10808/Documents/repository/org/springframework/boot/spring-boot-starter-test/2.3.5.RELEASE/spring-boot-starter-test-2.3.5.RELEASE.jar:/Users/hejiaxing10808/Documents/repository/org/springframework/boot/spring-boot-test/2.3.5.RELEASE/spring-boot-test-2.3.5.RELEASE.jar:/Users/hejiaxing10808/Documents/repository/org/springframework/boot/spring-boot-test-autoconfigure/2.3.5.RELEASE/spring-boot-test-autoconfigure-2.3.5.RELEASE.jar:/Users/hejiaxing10808/Documents/repository/com/jayway/jsonpath/json-path/2.4.0/json-path-2.4.0.jar:/Users/hejiaxing10808/Documents/repository/net/minidev/json-smart/2.3/json-smart-2.3.jar:/Users/hejiaxing10808/Documents/repository/net/minidev/accessors-smart/1.2/accessors-smart-1.2.jar:/Users/hejiaxing10808/Documents/repository/org/ow2/asm/asm/5.0.4/asm-5.0.4.jar:/Users/hejiaxing10808/Documents/repository/jakarta/xml/bind/jakarta.xml.bind-api/2.3.3/jakarta.xml.bind-api-2.3.3.jar:/Users/hejiaxing10808/Documents/repository/jakarta/activation/jakarta.activation-api/1.2.2/jakarta.activation-api-1.2.2.jar:/Users/hejiaxing10808/Documents/repository/org/assertj/assertj-core/3.16.1/assertj-core-3.16.1.jar:/Users/hejiaxing10808/Documents/repository/org/hamcrest/hamcrest/2.2/hamcrest-2.2.jar:/Users/hejiaxing10808/Documents/repository/org/junit/jupiter/junit-jupiter/5.6.3/junit-jupiter-5.6.3.jar:/Users/hejiaxing10808/Documents/repository/org/junit/jupiter/junit-jupiter-api/5.6.3/junit-jupiter-api-5.6.3.jar:/Users/hejiaxing10808/Documents/repository/org/apiguardian/apiguardian-api/1.1.0/apiguardian-api-1.1.0.jar:/Users/hejiaxing10808/Documents/repository/org/opentest4j/opentest4j/1.2.0/opentest4j-1.2.0.jar:/Users/hejiaxing10808/Documents/repository/org/junit/platform/junit-platform-commons/1.6.3/junit-platform-commons-1.6.3.jar:/Users/hejiaxing10808/Documents/repository/org/junit/jupiter/junit-jupiter-params/5.6.3/junit-jupiter-params-5.6.3.jar:/Users/hejiaxing10808/Documents/repository/org/junit/jupiter/junit-jupiter-engine/5.6.3/junit-jupiter-engine-5.6.3.jar:/Users/hejiaxing10808/Documents/repository/org/junit/platform/junit-platform-engine/1.6.3/junit-platform-engine-1.6.3.jar:/Users/hejiaxing10808/Documents/repository/org/mockito/mockito-core/3.3.3/mockito-core-3.3.3.jar:/Users/hejiaxing10808/Documents/repository/net/bytebuddy/byte-buddy/1.10.17/byte-buddy-1.10.17.jar:/Users/hejiaxing10808/Documents/repository/net/bytebuddy/byte-buddy-agent/1.10.17/byte-buddy-agent-1.10.17.jar:/Users/hejiaxing10808/Documents/repository/org/objenesis/objenesis/2.6/objenesis-2.6.jar:/Users/hejiaxing10808/Documents/repository/org/mockito/mockito-junit-jupiter/3.3.3/mockito-junit-jupiter-3.3.3.jar:/Users/hejiaxing10808/Documents/repository/org/skyscreamer/jsonassert/1.5.0/jsonassert-1.5.0.jar:/Users/hejiaxing10808/Documents/repository/com/vaadin/external/google/android-json/0.0.20131108.vaadin1/android-json-0.0.20131108.vaadin1.jar:/Users/hejiaxing10808/Documents/repository/org/springframework/spring-test/5.2.10.RELEASE/spring-test-5.2.10.RELEASE.jar:/Users/hejiaxing10808/Documents/repository/org/xmlunit/xmlunit-core/2.7.0/xmlunit-core-2.7.0.jar:/Users/hejiaxing10808/Documents/repository/org/apache/flink/flink-streaming-java_2.11/1.10.0/flink-streaming-java_2.11-1.10.0.jar:/Users/hejiaxing10808/Documents/repository/org/apache/flink/flink-core/1.10.0/flink-core-1.10.0.jar:/Users/hejiaxing10808/Documents/repository/org/apache/flink/flink-annotations/1.10.0/flink-annotations-1.10.0.jar:/Users/hejiaxing10808/Documents/repository/org/apache/flink/flink-metrics-core/1.10.0/flink-metrics-core-1.10.0.jar:/Users/hejiaxing10808/Documents/repository/org/apache/flink/flink-shaded-asm-7/7.1-9.0/flink-shaded-asm-7-7.1-9.0.jar:/Users/hejiaxing10808/Documents/repository/org/apache/commons/commons-lang3/3.10/commons-lang3-3.10.jar:/Users/hejiaxing10808/Documents/repository/com/esotericsoftware/kryo/kryo/2.24.0/kryo-2.24.0.jar:/Users/hejiaxing10808/Documents/repository/com/esotericsoftware/minlog/minlog/1.2/minlog-1.2.jar:/Users/hejiaxing10808/Documents/repository/commons-collections/commons-collections/3.2.2/commons-collections-3.2.2.jar:/Users/hejiaxing10808/Documents/repository/org/apache/commons/commons-compress/1.18/commons-compress-1.18.jar:/Users/hejiaxing10808/Documents/repository/org/apache/flink/flink-runtime_2.11/1.10.0/flink-runtime_2.11-1.10.0.jar:/Users/hejiaxing10808/Documents/repository/org/apache/flink/flink-java/1.10.0/flink-java-1.10.0.jar:/Users/hejiaxing10808/Documents/repository/org/apache/flink/flink-queryable-state-client-java/1.10.0/flink-queryable-state-client-java-1.10.0.jar:/Users/hejiaxing10808/Documents/repository/org/apache/flink/flink-hadoop-fs/1.10.0/flink-hadoop-fs-1.10.0.jar:/Users/hejiaxing10808/Documents/repository/commons-io/commons-io/2.4/commons-io-2.4.jar:/Users/hejiaxing10808/Documents/repository/org/apache/flink/flink-shaded-netty/4.1.39.Final-9.0/flink-shaded-netty-4.1.39.Final-9.0.jar:/Users/hejiaxing10808/Documents/repository/org/apache/flink/flink-shaded-jackson/2.10.1-9.0/flink-shaded-jackson-2.10.1-9.0.jar:/Users/hejiaxing10808/Documents/repository/commons-cli/commons-cli/1.3.1/commons-cli-1.3.1.jar:/Users/hejiaxing10808/Documents/repository/org/javassist/javassist/3.24.0-GA/javassist-3.24.0-GA.jar:/Users/hejiaxing10808/Documents/repository/org/scala-lang/scala-library/2.11.12/scala-library-2.11.12.jar:/Users/hejiaxing10808/Documents/repository/com/typesafe/akka/akka-actor_2.11/2.5.21/akka-actor_2.11-2.5.21.jar:/Users/hejiaxing10808/Documents/repository/com/typesafe/config/1.3.3/config-1.3.3.jar:/Users/hejiaxing10808/Documents/repository/org/scala-lang/modules/scala-java8-compat_2.11/0.7.0/scala-java8-compat_2.11-0.7.0.jar:/Users/hejiaxing10808/Documents/repository/com/typesafe/akka/akka-stream_2.11/2.5.21/akka-stream_2.11-2.5.21.jar:/Users/hejiaxing10808/Documents/repository/org/reactivestreams/reactive-streams/1.0.3/reactive-streams-1.0.3.jar:/Users/hejiaxing10808/Documents/repository/com/typesafe/ssl-config-core_2.11/0.3.7/ssl-config-core_2.11-0.3.7.jar:/Users/hejiaxing10808/Documents/repository/org/scala-lang/modules/scala-parser-combinators_2.11/1.1.1/scala-parser-combinators_2.11-1.1.1.jar:/Users/hejiaxing10808/Documents/repository/com/typesafe/akka/akka-protobuf_2.11/2.5.21/akka-protobuf_2.11-2.5.21.jar:/Users/hejiaxing10808/Documents/repository/com/typesafe/akka/akka-slf4j_2.11/2.5.21/akka-slf4j_2.11-2.5.21.jar:/Users/hejiaxing10808/Documents/repository/org/clapper/grizzled-slf4j_2.11/1.3.2/grizzled-slf4j_2.11-1.3.2.jar:/Users/hejiaxing10808/Documents/repository/com/github/scopt/scopt_2.11/3.5.0/scopt_2.11-3.5.0.jar:/Users/hejiaxing10808/Documents/repository/org/xerial/snappy/snappy-java/1.1.4/snappy-java-1.1.4.jar:/Users/hejiaxing10808/Documents/repository/com/twitter/chill_2.11/0.7.6/chill_2.11-0.7.6.jar:/Users/hejiaxing10808/Documents/repository/com/twitter/chill-java/0.7.6/chill-java-0.7.6.jar:/Users/hejiaxing10808/Documents/repository/org/lz4/lz4-java/1.5.0/lz4-java-1.5.0.jar:/Users/hejiaxing10808/Documents/repository/org/apache/flink/flink-clients_2.11/1.10.0/flink-clients_2.11-1.10.0.jar:/Users/hejiaxing10808/Documents/repository/org/apache/flink/flink-optimizer_2.11/1.10.0/flink-optimizer_2.11-1.10.0.jar:/Users/hejiaxing10808/Documents/repository/org/apache/flink/flink-shaded-guava/18.0-9.0/flink-shaded-guava-18.0-9.0.jar:/Users/hejiaxing10808/Documents/repository/org/apache/commons/commons-math3/3.5/commons-math3-3.5.jar:/Users/hejiaxing10808/Documents/repository/org/slf4j/slf4j-api/1.7.30/slf4j-api-1.7.30.jar:/Users/hejiaxing10808/Documents/repository/com/google/code/findbugs/jsr305/1.3.9/jsr305-1.3.9.jar:/Users/hejiaxing10808/Documents/repository/org/apache/flink/force-shading/1.10.0/force-shading-1.10.0.jar:"/>
    <property name="java.vm.vendor" value="Oracle Corporation"/>
    <property name="sun.arch.data.model" value="64"/>
    <property name="java.vendor.url" value="http://java.oracle.com/"/>
    <property name="user.timezone" value=""/>
    <property name="java.vm.specification.version" value="1.8"/>
    <property name="os.name" value="Mac OS X"/>
    <property name="user.country" value="CN"/>
    <property name="sun.java.launcher" value="SUN_STANDARD"/>
    <property name="sun.boot.library.path" value="/Library/Java/JavaVirtualMachines/jdk1.8.0_151.jdk/Contents/Home/jre/lib"/>
    <property name="sun.java.command" value="/Users/hejiaxing10808/springboot-lastestExample/springboot-flink/target/surefire/surefirebooter6816170918933831433.jar /Users/hejiaxing10808/springboot-lastestExample/springboot-flink/target/surefire 2022-06-27T11-18-00_907-jvmRun1 surefire5227712876609959996tmp surefire_17329463748988458877tmp"/>
    <property name="surefire.test.class.path" value="/Users/hejiaxing10808/springboot-lastestExample/springboot-flink/target/test-classes:/Users/hejiaxing10808/springboot-lastestExample/springboot-flink/target/classes:/Users/hejiaxing10808/Documents/repository/org/springframework/boot/spring-boot-starter/2.3.5.RELEASE/spring-boot-starter-2.3.5.RELEASE.jar:/Users/hejiaxing10808/Documents/repository/org/springframework/boot/spring-boot/2.3.5.RELEASE/spring-boot-2.3.5.RELEASE.jar:/Users/hejiaxing10808/Documents/repository/org/springframework/spring-context/5.2.10.RELEASE/spring-context-5.2.10.RELEASE.jar:/Users/hejiaxing10808/Documents/repository/org/springframework/spring-aop/5.2.10.RELEASE/spring-aop-5.2.10.RELEASE.jar:/Users/hejiaxing10808/Documents/repository/org/springframework/spring-beans/5.2.10.RELEASE/spring-beans-5.2.10.RELEASE.jar:/Users/hejiaxing10808/Documents/repository/org/springframework/spring-expression/5.2.10.RELEASE/spring-expression-5.2.10.RELEASE.jar:/Users/hejiaxing10808/Documents/repository/org/springframework/boot/spring-boot-autoconfigure/2.3.5.RELEASE/spring-boot-autoconfigure-2.3.5.RELEASE.jar:/Users/hejiaxing10808/Documents/repository/org/springframework/boot/spring-boot-starter-logging/2.3.5.RELEASE/spring-boot-starter-logging-2.3.5.RELEASE.jar:/Users/hejiaxing10808/Documents/repository/ch/qos/logback/logback-classic/1.2.3/logback-classic-1.2.3.jar:/Users/hejiaxing10808/Documents/repository/ch/qos/logback/logback-core/1.2.3/logback-core-1.2.3.jar:/Users/hejiaxing10808/Documents/repository/org/apache/logging/log4j/log4j-to-slf4j/2.13.3/log4j-to-slf4j-2.13.3.jar:/Users/hejiaxing10808/Documents/repository/org/apache/logging/log4j/log4j-api/2.13.3/log4j-api-2.13.3.jar:/Users/hejiaxing10808/Documents/repository/org/slf4j/jul-to-slf4j/1.7.30/jul-to-slf4j-1.7.30.jar:/Users/hejiaxing10808/Documents/repository/jakarta/annotation/jakarta.annotation-api/1.3.5/jakarta.annotation-api-1.3.5.jar:/Users/hejiaxing10808/Documents/repository/org/springframework/spring-core/5.2.10.RELEASE/spring-core-5.2.10.RELEASE.jar:/Users/hejiaxing10808/Documents/repository/org/springframework/spring-jcl/5.2.10.RELEASE/spring-jcl-5.2.10.RELEASE.jar:/Users/hejiaxing10808/Documents/repository/org/yaml/snakeyaml/1.26/snakeyaml-1.26.jar:/Users/hejiaxing10808/Documents/repository/org/springframework/boot/spring-boot-starter-test/2.3.5.RELEASE/spring-boot-starter-test-2.3.5.RELEASE.jar:/Users/hejiaxing10808/Documents/repository/org/springframework/boot/spring-boot-test/2.3.5.RELEASE/spring-boot-test-2.3.5.RELEASE.jar:/Users/hejiaxing10808/Documents/repository/org/springframework/boot/spring-boot-test-autoconfigure/2.3.5.RELEASE/spring-boot-test-autoconfigure-2.3.5.RELEASE.jar:/Users/hejiaxing10808/Documents/repository/com/jayway/jsonpath/json-path/2.4.0/json-path-2.4.0.jar:/Users/hejiaxing10808/Documents/repository/net/minidev/json-smart/2.3/json-smart-2.3.jar:/Users/hejiaxing10808/Documents/repository/net/minidev/accessors-smart/1.2/accessors-smart-1.2.jar:/Users/hejiaxing10808/Documents/repository/org/ow2/asm/asm/5.0.4/asm-5.0.4.jar:/Users/hejiaxing10808/Documents/repository/jakarta/xml/bind/jakarta.xml.bind-api/2.3.3/jakarta.xml.bind-api-2.3.3.jar:/Users/hejiaxing10808/Documents/repository/jakarta/activation/jakarta.activation-api/1.2.2/jakarta.activation-api-1.2.2.jar:/Users/hejiaxing10808/Documents/repository/org/assertj/assertj-core/3.16.1/assertj-core-3.16.1.jar:/Users/hejiaxing10808/Documents/repository/org/hamcrest/hamcrest/2.2/hamcrest-2.2.jar:/Users/hejiaxing10808/Documents/repository/org/junit/jupiter/junit-jupiter/5.6.3/junit-jupiter-5.6.3.jar:/Users/hejiaxing10808/Documents/repository/org/junit/jupiter/junit-jupiter-api/5.6.3/junit-jupiter-api-5.6.3.jar:/Users/hejiaxing10808/Documents/repository/org/apiguardian/apiguardian-api/1.1.0/apiguardian-api-1.1.0.jar:/Users/hejiaxing10808/Documents/repository/org/opentest4j/opentest4j/1.2.0/opentest4j-1.2.0.jar:/Users/hejiaxing10808/Documents/repository/org/junit/platform/junit-platform-commons/1.6.3/junit-platform-commons-1.6.3.jar:/Users/hejiaxing10808/Documents/repository/org/junit/jupiter/junit-jupiter-params/5.6.3/junit-jupiter-params-5.6.3.jar:/Users/hejiaxing10808/Documents/repository/org/junit/jupiter/junit-jupiter-engine/5.6.3/junit-jupiter-engine-5.6.3.jar:/Users/hejiaxing10808/Documents/repository/org/junit/platform/junit-platform-engine/1.6.3/junit-platform-engine-1.6.3.jar:/Users/hejiaxing10808/Documents/repository/org/mockito/mockito-core/3.3.3/mockito-core-3.3.3.jar:/Users/hejiaxing10808/Documents/repository/net/bytebuddy/byte-buddy/1.10.17/byte-buddy-1.10.17.jar:/Users/hejiaxing10808/Documents/repository/net/bytebuddy/byte-buddy-agent/1.10.17/byte-buddy-agent-1.10.17.jar:/Users/hejiaxing10808/Documents/repository/org/objenesis/objenesis/2.6/objenesis-2.6.jar:/Users/hejiaxing10808/Documents/repository/org/mockito/mockito-junit-jupiter/3.3.3/mockito-junit-jupiter-3.3.3.jar:/Users/hejiaxing10808/Documents/repository/org/skyscreamer/jsonassert/1.5.0/jsonassert-1.5.0.jar:/Users/hejiaxing10808/Documents/repository/com/vaadin/external/google/android-json/0.0.20131108.vaadin1/android-json-0.0.20131108.vaadin1.jar:/Users/hejiaxing10808/Documents/repository/org/springframework/spring-test/5.2.10.RELEASE/spring-test-5.2.10.RELEASE.jar:/Users/hejiaxing10808/Documents/repository/org/xmlunit/xmlunit-core/2.7.0/xmlunit-core-2.7.0.jar:/Users/hejiaxing10808/Documents/repository/org/apache/flink/flink-streaming-java_2.11/1.10.0/flink-streaming-java_2.11-1.10.0.jar:/Users/hejiaxing10808/Documents/repository/org/apache/flink/flink-core/1.10.0/flink-core-1.10.0.jar:/Users/hejiaxing10808/Documents/repository/org/apache/flink/flink-annotations/1.10.0/flink-annotations-1.10.0.jar:/Users/hejiaxing10808/Documents/repository/org/apache/flink/flink-metrics-core/1.10.0/flink-metrics-core-1.10.0.jar:/Users/hejiaxing10808/Documents/repository/org/apache/flink/flink-shaded-asm-7/7.1-9.0/flink-shaded-asm-7-7.1-9.0.jar:/Users/hejiaxing10808/Documents/repository/org/apache/commons/commons-lang3/3.10/commons-lang3-3.10.jar:/Users/hejiaxing10808/Documents/repository/com/esotericsoftware/kryo/kryo/2.24.0/kryo-2.24.0.jar:/Users/hejiaxing10808/Documents/repository/com/esotericsoftware/minlog/minlog/1.2/minlog-1.2.jar:/Users/hejiaxing10808/Documents/repository/commons-collections/commons-collections/3.2.2/commons-collections-3.2.2.jar:/Users/hejiaxing10808/Documents/repository/org/apache/commons/commons-compress/1.18/commons-compress-1.18.jar:/Users/hejiaxing10808/Documents/repository/org/apache/flink/flink-runtime_2.11/1.10.0/flink-runtime_2.11-1.10.0.jar:/Users/hejiaxing10808/Documents/repository/org/apache/flink/flink-java/1.10.0/flink-java-1.10.0.jar:/Users/hejiaxing10808/Documents/repository/org/apache/flink/flink-queryable-state-client-java/1.10.0/flink-queryable-state-client-java-1.10.0.jar:/Users/hejiaxing10808/Documents/repository/org/apache/flink/flink-hadoop-fs/1.10.0/flink-hadoop-fs-1.10.0.jar:/Users/hejiaxing10808/Documents/repository/commons-io/commons-io/2.4/commons-io-2.4.jar:/Users/hejiaxing10808/Documents/repository/org/apache/flink/flink-shaded-netty/4.1.39.Final-9.0/flink-shaded-netty-4.1.39.Final-9.0.jar:/Users/hejiaxing10808/Documents/repository/org/apache/flink/flink-shaded-jackson/2.10.1-9.0/flink-shaded-jackson-2.10.1-9.0.jar:/Users/hejiaxing10808/Documents/repository/commons-cli/commons-cli/1.3.1/commons-cli-1.3.1.jar:/Users/hejiaxing10808/Documents/repository/org/javassist/javassist/3.24.0-GA/javassist-3.24.0-GA.jar:/Users/hejiaxing10808/Documents/repository/org/scala-lang/scala-library/2.11.12/scala-library-2.11.12.jar:/Users/hejiaxing10808/Documents/repository/com/typesafe/akka/akka-actor_2.11/2.5.21/akka-actor_2.11-2.5.21.jar:/Users/hejiaxing10808/Documents/repository/com/typesafe/config/1.3.3/config-1.3.3.jar:/Users/hejiaxing10808/Documents/repository/org/scala-lang/modules/scala-java8-compat_2.11/0.7.0/scala-java8-compat_2.11-0.7.0.jar:/Users/hejiaxing10808/Documents/repository/com/typesafe/akka/akka-stream_2.11/2.5.21/akka-stream_2.11-2.5.21.jar:/Users/hejiaxing10808/Documents/repository/org/reactivestreams/reactive-streams/1.0.3/reactive-streams-1.0.3.jar:/Users/hejiaxing10808/Documents/repository/com/typesafe/ssl-config-core_2.11/0.3.7/ssl-config-core_2.11-0.3.7.jar:/Users/hejiaxing10808/Documents/repository/org/scala-lang/modules/scala-parser-combinators_2.11/1.1.1/scala-parser-combinators_2.11-1.1.1.jar:/Users/hejiaxing10808/Documents/repository/com/typesafe/akka/akka-protobuf_2.11/2.5.21/akka-protobuf_2.11-2.5.21.jar:/Users/hejiaxing10808/Documents/repository/com/typesafe/akka/akka-slf4j_2.11/2.5.21/akka-slf4j_2.11-2.5.21.jar:/Users/hejiaxing10808/Documents/repository/org/clapper/grizzled-slf4j_2.11/1.3.2/grizzled-slf4j_2.11-1.3.2.jar:/Users/hejiaxing10808/Documents/repository/com/github/scopt/scopt_2.11/3.5.0/scopt_2.11-3.5.0.jar:/Users/hejiaxing10808/Documents/repository/org/xerial/snappy/snappy-java/1.1.4/snappy-java-1.1.4.jar:/Users/hejiaxing10808/Documents/repository/com/twitter/chill_2.11/0.7.6/chill_2.11-0.7.6.jar:/Users/hejiaxing10808/Documents/repository/com/twitter/chill-java/0.7.6/chill-java-0.7.6.jar:/Users/hejiaxing10808/Documents/repository/org/lz4/lz4-java/1.5.0/lz4-java-1.5.0.jar:/Users/hejiaxing10808/Documents/repository/org/apache/flink/flink-clients_2.11/1.10.0/flink-clients_2.11-1.10.0.jar:/Users/hejiaxing10808/Documents/repository/org/apache/flink/flink-optimizer_2.11/1.10.0/flink-optimizer_2.11-1.10.0.jar:/Users/hejiaxing10808/Documents/repository/org/apache/flink/flink-shaded-guava/18.0-9.0/flink-shaded-guava-18.0-9.0.jar:/Users/hejiaxing10808/Documents/repository/org/apache/commons/commons-math3/3.5/commons-math3-3.5.jar:/Users/hejiaxing10808/Documents/repository/org/slf4j/slf4j-api/1.7.30/slf4j-api-1.7.30.jar:/Users/hejiaxing10808/Documents/repository/com/google/code/findbugs/jsr305/1.3.9/jsr305-1.3.9.jar:/Users/hejiaxing10808/Documents/repository/org/apache/flink/force-shading/1.10.0/force-shading-1.10.0.jar:"/>
    <property name="sun.cpu.endian" value="little"/>
    <property name="user.home" value="/Users/hejiaxing10808"/>
    <property name="user.language" value="zh"/>
    <property name="java.specification.vendor" value="Oracle Corporation"/>
    <property name="java.home" value="/Library/Java/JavaVirtualMachines/jdk1.8.0_151.jdk/Contents/Home/jre"/>
    <property name="basedir" value="/Users/hejiaxing10808/springboot-lastestExample/springboot-flink"/>
    <property name="file.separator" value="/"/>
    <property name="line.separator" value="&#10;"/>
    <property name="java.vm.specification.vendor" value="Oracle Corporation"/>
    <property name="java.specification.name" value="Java Platform API Specification"/>
    <property name="java.awt.graphicsenv" value="sun.awt.CGraphicsEnvironment"/>
    <property name="surefire.real.class.path" value="/Users/hejiaxing10808/springboot-lastestExample/springboot-flink/target/surefire/surefirebooter6816170918933831433.jar"/>
    <property name="sun.boot.class.path" value="/Library/Java/JavaVirtualMachines/jdk1.8.0_151.jdk/Contents/Home/jre/lib/resources.jar:/Library/Java/JavaVirtualMachines/jdk1.8.0_151.jdk/Contents/Home/jre/lib/rt.jar:/Library/Java/JavaVirtualMachines/jdk1.8.0_151.jdk/Contents/Home/jre/lib/sunrsasign.jar:/Library/Java/JavaVirtualMachines/jdk1.8.0_151.jdk/Contents/Home/jre/lib/jsse.jar:/Library/Java/JavaVirtualMachines/jdk1.8.0_151.jdk/Contents/Home/jre/lib/jce.jar:/Library/Java/JavaVirtualMachines/jdk1.8.0_151.jdk/Contents/Home/jre/lib/charsets.jar:/Library/Java/JavaVirtualMachines/jdk1.8.0_151.jdk/Contents/Home/jre/lib/jfr.jar:/Library/Java/JavaVirtualMachines/jdk1.8.0_151.jdk/Contents/Home/jre/classes"/>
    <property name="sun.management.compiler" value="HotSpot 64-Bit Tiered Compilers"/>
    <property name="java.runtime.version" value="1.8.0_151-b12"/>
    <property name="user.name" value="hejiaxing10808"/>
    <property name="path.separator" value=":"/>
    <property name="os.version" value="10.16"/>
    <property name="java.endorsed.dirs" value="/Library/Java/JavaVirtualMachines/jdk1.8.0_151.jdk/Contents/Home/jre/lib/endorsed"/>
    <property name="java.runtime.name" value="Java(TM) SE Runtime Environment"/>
    <property name="file.encoding" value="UTF-8"/>
    <property name="java.vm.name" value="Java HotSpot(TM) 64-Bit Server VM"/>
    <property name="localRepository" value="/Users/hejiaxing10808/Documents/repository"/>
    <property name="java.vendor.url.bug" value="http://bugreport.sun.com/bugreport/"/>
    <property name="java.io.tmpdir" value="/var/folders/qr/dst_wvm922jgjb9zjbqsn8jw0000gn/T/"/>
    <property name="idea.version" value="2021.3.3"/>
    <property name="java.version" value="1.8.0_151"/>
    <property name="user.dir" value="/Users/hejiaxing10808/springboot-lastestExample/springboot-flink"/>
    <property name="os.arch" value="x86_64"/>
    <property name="java.vm.specification.name" value="Java Virtual Machine Specification"/>
    <property name="java.awt.printerjob" value="sun.lwawt.macosx.CPrinterJob"/>
    <property name="sun.os.patch.level" value="unknown"/>
    <property name="java.library.path" value="/Users/hejiaxing10808/Library/Java/Extensions:/Library/Java/Extensions:/Network/Library/Java/Extensions:/System/Library/Java/Extensions:/usr/lib/java:."/>
    <property name="java.vm.info" value="mixed mode"/>
    <property name="java.vendor" value="Oracle Corporation"/>
    <property name="java.vm.version" value="25.151-b12"/>
    <property name="java.ext.dirs" value="/Users/hejiaxing10808/Library/Java/Extensions:/Library/Java/JavaVirtualMachines/jdk1.8.0_151.jdk/Contents/Home/jre/lib/ext:/Library/Java/Extensions:/Network/Library/Java/Extensions:/System/Library/Java/Extensions:/usr/lib/java"/>
    <property name="sun.io.unicode.encoding" value="UnicodeBig"/>
    <property name="maven.repo.local" value="/Users/hejiaxing10808/Documents/repository"/>
    <property name="java.class.version" value="52.0"/>
  </properties>
  <testcase name="contextLoads" classname="com.xingjiahe.www.flink.SpringbootFlinkApplicationTests" time="0.158"/>
</testsuite>